<?xml version="1.0" encoding="UTF-8"?>
<!-- Generated by org.testng.reporters.JUnitXMLReporter -->
<testsuite ignored="0" hostname="DESKTOP-648C2V1" failures="0" tests="1" name="Test" time="0.109" errors="0" timestamp="2024-01-10T11:05:09 IST">
  <testcase classname="com.mystore.testcases.BaseClass" name="@BeforeClass setup" time="0.018">
    <failure type="java.lang.NullPointerException" message="Cannot invoke &amp;quot;org.openqa.selenium.WebDriver.manage()&amp;quot; because &amp;quot;com.mystore.testcases.BaseClass.driver&amp;quot; is null">
      <![CDATA[java.lang.NullPointerException: Cannot invoke "org.openqa.selenium.WebDriver.manage()" because "com.mystore.testcases.BaseClass.driver" is null
at com.mystore.testcases.BaseClass.setup(BaseClass.java:56)
at java.base/java.util.ArrayList.forEach(ArrayList.java:1511)
... Removed 23 stack frames]]>
    </failure>
  </testcase> <!-- @BeforeClass setup -->
  <testcase classname="com.mystore.testcases.BaseClass" name="@AfterClass tearDown" time="0.0">
    <skipped/>
  </testcase> <!-- @AfterClass tearDown -->
  <testcase classname="com.mystore.testcases.TC_MyAccountPageTest" name="VerifyRegistrationAndLogin" time="0.0">
    <skipped/>
  </testcase> <!-- VerifyRegistrationAndLogin -->
</testsuite> <!-- Test -->
